<?xml version="1.0" encoding="UTF-8"?>
<testng-results skipped="0" failed="0" ignored="0" total="1" passed="1">
  <reporter-output>
  </reporter-output>
  <suite name="Surefire suite" duration-ms="10653" started-at="2021-06-09T06:46:41 EDT" finished-at="2021-06-09T06:46:52 EDT">
    <groups>
    </groups>
    <test name="Surefire test" duration-ms="10653" started-at="2021-06-09T06:46:41 EDT" finished-at="2021-06-09T06:46:52 EDT">
      <class name="techserve4uDemo.SmokeTest">
        <test-method status="PASS" signature="driverSetup()[pri:0, instance:techserve4uDemo.SmokeTest@a67c67e]" name="driverSetup" is-config="true" duration-ms="6278" started-at="2021-06-09T06:46:41 EDT" finished-at="2021-06-09T06:46:48 EDT">
          <reporter-output>
          </reporter-output>
        </test-method> <!-- driverSetup -->
        <test-method status="PASS" signature="testPageTitle()[pri:0, instance:techserve4uDemo.SmokeTest@a67c67e]" name="testPageTitle" duration-ms="2524" started-at="2021-06-09T06:46:48 EDT" finished-at="2021-06-09T06:46:50 EDT">
          <reporter-output>
          </reporter-output>
        </test-method> <!-- testPageTitle -->
        <test-method status="PASS" signature="tearDown()[pri:0, instance:techserve4uDemo.SmokeTest@a67c67e]" name="tearDown" is-config="true" duration-ms="1802" started-at="2021-06-09T06:46:50 EDT" finished-at="2021-06-09T06:46:52 EDT">
          <reporter-output>
          </reporter-output>
        </test-method> <!-- tearDown -->
      </class> <!-- techserve4uDemo.SmokeTest -->
    </test> <!-- Surefire test -->
  </suite> <!-- Surefire suite -->
</testng-results>
